# JRE version: OpenJDK Runtime Environment (8.0_242-b01) (build 1.8.0_242-release-1644-b01)
# Java VM: OpenJDK 64-Bit Server VM (25.242-b01 mixed mode windows-amd64 compressed oops)
Heap:
 PSYoungGen      total 340480K, used 128002K [0x00000000d5580000, 0x00000000f0e80000, 0x0000000100000000)
  eden space 310784K, 31% used [0x00000000d5580000,0x00000000db585090,0x00000000e8500000)
  from space 29696K, 99% used [0x00000000e8500000,0x00000000ea1fbb50,0x00000000ea200000)
  to   space 46592K, 0% used [0x00000000ee100000,0x00000000ee100000,0x00000000f0e80000)
 ParOldGen       total 187392K, used 78903K [0x0000000080000000, 0x000000008b700000, 0x00000000d5580000)
  object space 187392K, 42% used [0x0000000080000000,0x0000000084d0dc40,0x000000008b700000)
 Metaspace       used 75985K, capacity 80689K, committed 80920K, reserved 1120256K
  class space    used 10530K, capacity 11475K, committed 11568K, reserved 1048576K
GC Heap History (10 events):
Event: 6.769 GC heap before
{Heap before GC invocations=10 (full 2):
 PSYoungGen      total 206848K, used 193536K [0x00000000d5580000, 0x00000000e8700000, 0x0000000100000000)
  eden space 193536K, 100% used [0x00000000d5580000,0x00000000e1280000,0x00000000e1280000)
  from space 13312K, 0% used [0x00000000e1280000,0x00000000e1280000,0x00000000e1f80000)
  to   space 13312K, 0% used [0x00000000e7a00000,0x00000000e7a00000,0x00000000e8700000)
 ParOldGen       total 116224K, used 15699K [0x0000000080000000, 0x0000000087180000, 0x00000000d5580000)
  object space 116224K, 13% used [0x0000000080000000,0x0000000080f54cd0,0x0000000087180000)
 Metaspace       used 45429K, capacity 47230K, committed 47528K, reserved 1089536K
  class space    used 6143K, capacity 6482K, committed 6576K, reserved 1048576K
Event: 6.790 GC heap after
Heap after GC invocations=10 (full 2):
 PSYoungGen      total 276992K, used 13301K [0x00000000d5580000, 0x00000000e8700000, 0x0000000100000000)
  eden space 263680K, 0% used [0x00000000d5580000,0x00000000d5580000,0x00000000e5700000)
  from space 13312K, 99% used [0x00000000e7a00000,0x00000000e86fd7a8,0x00000000e8700000)
  to   space 17920K, 0% used [0x00000000e6400000,0x00000000e6400000,0x00000000e7580000)
 ParOldGen       total 116224K, used 22365K [0x0000000080000000, 0x0000000087180000, 0x00000000d5580000)
  object space 116224K, 19% used [0x0000000080000000,0x00000000815d7600,0x0000000087180000)
 Metaspace       used 45429K, capacity 47230K, committed 47528K, reserved 1089536K
  class space    used 6143K, capacity 6482K, committed 6576K, reserved 1048576K
}
Event: 9.045 GC heap before
{Heap before GC invocations=11 (full 2):
 PSYoungGen      total 276992K, used 187482K [0x00000000d5580000, 0x00000000e8700000, 0x0000000100000000)
  eden space 263680K, 66% used [0x00000000d5580000,0x00000000dff99128,0x00000000e5700000)
  from space 13312K, 99% used [0x00000000e7a00000,0x00000000e86fd7a8,0x00000000e8700000)
  to   space 17920K, 0% used [0x00000000e6400000,0x00000000e6400000,0x00000000e7580000)
 ParOldGen       total 116224K, used 22365K [0x0000000080000000, 0x0000000087180000, 0x00000000d5580000)
  object space 116224K, 19% used [0x0000000080000000,0x00000000815d7600,0x0000000087180000)
 Metaspace       used 56865K, capacity 59138K, committed 59160K, reserved 1099776K
  class space    used 7780K, capacity 8233K, committed 8240K, reserved 1048576K
Event: 9.078 GC heap after
Heap after GC invocations=11 (full 2):
 PSYoungGen      total 294912K, used 17892K [0x00000000d5580000, 0x00000000eb980000, 0x0000000100000000)
  eden space 276992K, 0% used [0x00000000d5580000,0x00000000d5580000,0x00000000e6400000)
  from space 17920K, 99% used [0x00000000e6400000,0x00000000e7579310,0x00000000e7580000)
  to   space 24064K, 0% used [0x00000000ea200000,0x00000000ea200000,0x00000000eb980000)
 ParOldGen       total 116224K, used 32325K [0x0000000080000000, 0x0000000087180000, 0x00000000d5580000)
  object space 116224K, 27% used [0x0000000080000000,0x0000000081f91428,0x0000000087180000)
 Metaspace       used 56865K, capacity 59138K, committed 59160K, reserved 1099776K
  class space    used 7780K, capacity 8233K, committed 8240K, reserved 1048576K
}
Event: 9.078 GC heap before
{Heap before GC invocations=12 (full 3):
 PSYoungGen      total 294912K, used 17892K [0x00000000d5580000, 0x00000000eb980000, 0x0000000100000000)
  eden space 276992K, 0% used [0x00000000d5580000,0x00000000d5580000,0x00000000e6400000)
  from space 17920K, 99% used [0x00000000e6400000,0x00000000e7579310,0x00000000e7580000)
  to   space 24064K, 0% used [0x00000000ea200000,0x00000000ea200000,0x00000000eb980000)
 ParOldGen       total 116224K, used 32325K [0x0000000080000000, 0x0000000087180000, 0x00000000d5580000)
  object space 116224K, 27% used [0x0000000080000000,0x0000000081f91428,0x0000000087180000)
 Metaspace       used 56865K, capacity 59138K, committed 59160K, reserved 1099776K
  class space    used 7780K, capacity 8233K, committed 8240K, reserved 1048576K
Event: 9.435 GC heap after
Heap after GC invocations=12 (full 3):
 PSYoungGen      total 294912K, used 0K [0x00000000d5580000, 0x00000000eb980000, 0x0000000100000000)
  eden space 276992K, 0% used [0x00000000d5580000,0x00000000d5580000,0x00000000e6400000)
  from space 17920K, 0% used [0x00000000e6400000,0x00000000e6400000,0x00000000e7580000)
  to   space 24064K, 0% used [0x00000000ea200000,0x00000000ea200000,0x00000000eb980000)
 ParOldGen       total 187392K, used 39694K [0x0000000080000000, 0x000000008b700000, 0x00000000d5580000)
  object space 187392K, 21% used [0x0000000080000000,0x00000000826c38a0,0x000000008b700000)
 Metaspace       used 56831K, capacity 59024K, committed 59160K, reserved 1099776K
  class space    used 7769K, capacity 8214K, committed 8240K, reserved 1048576K
}
Event: 14.027 GC heap before
{Heap before GC invocations=13 (full 3):
 PSYoungGen      total 294912K, used 276992K [0x00000000d5580000, 0x00000000eb980000, 0x0000000100000000)
  eden space 276992K, 100% used [0x00000000d5580000,0x00000000e6400000,0x00000000e6400000)
  from space 17920K, 0% used [0x00000000e6400000,0x00000000e6400000,0x00000000e7580000)
  to   space 24064K, 0% used [0x00000000ea200000,0x00000000ea200000,0x00000000eb980000)
 ParOldGen       total 187392K, used 39694K [0x0000000080000000, 0x000000008b700000, 0x00000000d5580000)
  object space 187392K, 21% used [0x0000000080000000,0x00000000826c38a0,0x000000008b700000)
 Metaspace       used 65513K, capacity 68884K, committed 69144K, reserved 1107968K
  class space    used 9013K, capacity 9686K, committed 9776K, reserved 1048576K
Event: 14.071 GC heap after
Heap after GC invocations=13 (full 3):
 PSYoungGen      total 334848K, used 24043K [0x00000000d5580000, 0x00000000ec900000, 0x0000000100000000)
  eden space 310784K, 0% used [0x00000000d5580000,0x00000000d5580000,0x00000000e8500000)
  from space 24064K, 99% used [0x00000000ea200000,0x00000000eb97ae88,0x00000000eb980000)
  to   space 29696K, 0% used [0x00000000e8500000,0x00000000e8500000,0x00000000ea200000)
 ParOldGen       total 187392K, used 46018K [0x0000000080000000, 0x000000008b700000, 0x00000000d5580000)
  object space 187392K, 24% used [0x0000000080000000,0x0000000082cf0b18,0x000000008b700000)
 Metaspace       used 65513K, capacity 68884K, committed 69144K, reserved 1107968K
  class space    used 9013K, capacity 9686K, committed 9776K, reserved 1048576K
}
Event: 18.321 GC heap before
{Heap before GC invocations=14 (full 3):
 PSYoungGen      total 334848K, used 334827K [0x00000000d5580000, 0x00000000ec900000, 0x0000000100000000)
  eden space 310784K, 100% used [0x00000000d5580000,0x00000000e8500000,0x00000000e8500000)
  from space 24064K, 99% used [0x00000000ea200000,0x00000000eb97ae88,0x00000000eb980000)
  to   space 29696K, 0% used [0x00000000e8500000,0x00000000e8500000,0x00000000ea200000)
 ParOldGen       total 187392K, used 46018K [0x0000000080000000, 0x000000008b700000, 0x00000000d5580000)
  object space 187392K, 24% used [0x0000000080000000,0x0000000082cf0b18,0x000000008b700000)
 Metaspace       used 73973K, capacity 78242K, committed 78488K, reserved 1116160K
  class space    used 10141K, capacity 10923K, committed 10928K, reserved 1048576K
Event: 18.395 GC heap after
Heap after GC invocations=14 (full 3):
 PSYoungGen      total 340480K, used 29678K [0x00000000d5580000, 0x00000000f0e80000, 0x0000000100000000)
  eden space 310784K, 0% used [0x00000000d5580000,0x00000000d5580000,0x00000000e8500000)
  from space 29696K, 99% used [0x00000000e8500000,0x00000000ea1fbb50,0x00000000ea200000)
  to   space 46592K, 0% used [0x00000000ee100000,0x00000000ee100000,0x00000000f0e80000)
 ParOldGen       total 187392K, used 78903K [0x0000000080000000, 0x000000008b700000, 0x00000000d5580000)
  object space 187392K, 42% used [0x0000000080000000,0x0000000084d0dc40,0x000000008b700000)
 Metaspace       used 73973K, capacity 78242K, committed 78488K, reserved 1116160K
  class space    used 10141K, capacity 10923K, committed 10928K, reserved 1048576K
}

