# JRE version: OpenJDK Runtime Environment (8.0_242-b01) (build 1.8.0_242-release-1644-b01)
# Java VM: OpenJDK 64-Bit Server VM (25.242-b01 mixed mode windows-amd64 compressed oops)
Heap:
 PSYoungGen      total 98304K, used 57911K [0x00000000d5580000, 0x00000000dc600000, 0x0000000100000000)
  eden space 86528K, 55% used [0x00000000d5580000,0x00000000d84bb7b0,0x00000000daa00000)
  from space 11776K, 81% used [0x00000000daf00000,0x00000000db852738,0x00000000dba80000)
  to   space 5120K, 0% used [0x00000000dc100000,0x00000000dc100000,0x00000000dc600000)
 ParOldGen       total 70144K, used 13524K [0x0000000080000000, 0x0000000084480000, 0x00000000d5580000)
  object space 70144K, 19% used [0x0000000080000000,0x0000000080d353f8,0x0000000084480000)
 Metaspace       used 41510K, capacity 43196K, committed 43352K, reserved 1087488K
  class space    used 5591K, capacity 5971K, committed 6016K, reserved 1048576K
GC Heap History (10 events):
Event: 5.306 GC heap before
{Heap before GC invocations=7 (full 1):
 PSYoungGen      total 56832K, used 49152K [0x00000000d5580000, 0x00000000dcc80000, 0x0000000100000000)
  eden space 49152K, 100% used [0x00000000d5580000,0x00000000d8580000,0x00000000d8580000)
  from space 7680K, 0% used [0x00000000d8580000,0x00000000d8580000,0x00000000d8d00000)
  to   space 11776K, 0% used [0x00000000dc100000,0x00000000dc100000,0x00000000dcc80000)
 ParOldGen       total 70144K, used 7476K [0x0000000080000000, 0x0000000084480000, 0x00000000d5580000)
  object space 70144K, 10% used [0x0000000080000000,0x000000008074d158,0x0000000084480000)
 Metaspace       used 23692K, capacity 24770K, committed 24960K, reserved 1071104K
  class space    used 3387K, capacity 3695K, committed 3712K, reserved 1048576K
Event: 5.312 GC heap after
Heap after GC invocations=7 (full 1):
 PSYoungGen      total 91648K, used 4746K [0x00000000d5580000, 0x00000000dc600000, 0x0000000100000000)
  eden space 86528K, 0% used [0x00000000d5580000,0x00000000d5580000,0x00000000daa00000)
  from space 5120K, 92% used [0x00000000dc100000,0x00000000dc5a2b18,0x00000000dc600000)
  to   space 11776K, 0% used [0x00000000daf00000,0x00000000daf00000,0x00000000dba80000)
 ParOldGen       total 70144K, used 7484K [0x0000000080000000, 0x0000000084480000, 0x00000000d5580000)
  object space 70144K, 10% used [0x0000000080000000,0x000000008074f158,0x0000000084480000)
 Metaspace       used 23692K, capacity 24770K, committed 24960K, reserved 1071104K
  class space    used 3387K, capacity 3695K, committed 3712K, reserved 1048576K
}
Event: 6.864 GC heap before
{Heap before GC invocations=8 (full 1):
 PSYoungGen      total 91648K, used 91274K [0x00000000d5580000, 0x00000000dc600000, 0x0000000100000000)
  eden space 86528K, 100% used [0x00000000d5580000,0x00000000daa00000,0x00000000daa00000)
  from space 5120K, 92% used [0x00000000dc100000,0x00000000dc5a2b18,0x00000000dc600000)
  to   space 11776K, 0% used [0x00000000daf00000,0x00000000daf00000,0x00000000dba80000)
 ParOldGen       total 70144K, used 7484K [0x0000000080000000, 0x0000000084480000, 0x00000000d5580000)
  object space 70144K, 10% used [0x0000000080000000,0x000000008074f158,0x0000000084480000)
 Metaspace       used 33913K, capacity 35070K, committed 35200K, reserved 1079296K
  class space    used 4603K, capacity 4918K, committed 4992K, reserved 1048576K
Event: 6.886 GC heap after
Heap after GC invocations=8 (full 1):
 PSYoungGen      total 98304K, used 11753K [0x00000000d5580000, 0x00000000dc600000, 0x0000000100000000)
  eden space 86528K, 0% used [0x00000000d5580000,0x00000000d5580000,0x00000000daa00000)
  from space 11776K, 99% used [0x00000000daf00000,0x00000000dba7a570,0x00000000dba80000)
  to   space 5120K, 0% used [0x00000000dc100000,0x00000000dc100000,0x00000000dc600000)
 ParOldGen       total 70144K, used 8039K [0x0000000080000000, 0x0000000084480000, 0x00000000d5580000)
  object space 70144K, 11% used [0x0000000080000000,0x00000000807d9f78,0x0000000084480000)
 Metaspace       used 33913K, capacity 35070K, committed 35200K, reserved 1079296K
  class space    used 4603K, capacity 4918K, committed 4992K, reserved 1048576K
}
Event: 6.937 GC heap before
{Heap before GC invocations=9 (full 1):
 PSYoungGen      total 98304K, used 13668K [0x00000000d5580000, 0x00000000dc600000, 0x0000000100000000)
  eden space 86528K, 2% used [0x00000000d5580000,0x00000000d575ec90,0x00000000daa00000)
  from space 11776K, 99% used [0x00000000daf00000,0x00000000dba7a570,0x00000000dba80000)
  to   space 5120K, 0% used [0x00000000dc100000,0x00000000dc100000,0x00000000dc600000)
 ParOldGen       total 70144K, used 8039K [0x0000000080000000, 0x0000000084480000, 0x00000000d5580000)
  object space 70144K, 11% used [0x0000000080000000,0x00000000807d9f78,0x0000000084480000)
 Metaspace       used 34190K, capacity 35326K, committed 35416K, reserved 1079296K
  class space    used 4619K, capacity 4918K, committed 4992K, reserved 1048576K
Event: 6.951 GC heap after
Heap after GC invocations=9 (full 1):
 PSYoungGen      total 91648K, used 5096K [0x00000000d5580000, 0x00000000dc600000, 0x0000000100000000)
  eden space 86528K, 0% used [0x00000000d5580000,0x00000000d5580000,0x00000000daa00000)
  from space 5120K, 99% used [0x00000000dc100000,0x00000000dc5fa0c0,0x00000000dc600000)
  to   space 11776K, 0% used [0x00000000daf00000,0x00000000daf00000,0x00000000dba80000)
 ParOldGen       total 70144K, used 9703K [0x0000000080000000, 0x0000000084480000, 0x00000000d5580000)
  object space 70144K, 13% used [0x0000000080000000,0x0000000080979f98,0x0000000084480000)
 Metaspace       used 34190K, capacity 35326K, committed 35416K, reserved 1079296K
  class space    used 4619K, capacity 4918K, committed 4992K, reserved 1048576K
}
Event: 6.951 GC heap before
{Heap before GC invocations=10 (full 2):
 PSYoungGen      total 91648K, used 5096K [0x00000000d5580000, 0x00000000dc600000, 0x0000000100000000)
  eden space 86528K, 0% used [0x00000000d5580000,0x00000000d5580000,0x00000000daa00000)
  from space 5120K, 99% used [0x00000000dc100000,0x00000000dc5fa0c0,0x00000000dc600000)
  to   space 11776K, 0% used [0x00000000daf00000,0x00000000daf00000,0x00000000dba80000)
 ParOldGen       total 70144K, used 9703K [0x0000000080000000, 0x0000000084480000, 0x00000000d5580000)
  object space 70144K, 13% used [0x0000000080000000,0x0000000080979f98,0x0000000084480000)
 Metaspace       used 34190K, capacity 35326K, committed 35416K, reserved 1079296K
  class space    used 4619K, capacity 4918K, committed 4992K, reserved 1048576K
Event: 7.157 GC heap after
Heap after GC invocations=10 (full 2):
 PSYoungGen      total 91648K, used 0K [0x00000000d5580000, 0x00000000dc600000, 0x0000000100000000)
  eden space 86528K, 0% used [0x00000000d5580000,0x00000000d5580000,0x00000000daa00000)
  from space 5120K, 0% used [0x00000000dc100000,0x00000000dc100000,0x00000000dc600000)
  to   space 11776K, 0% used [0x00000000daf00000,0x00000000daf00000,0x00000000dba80000)
 ParOldGen       total 70144K, used 13516K [0x0000000080000000, 0x0000000084480000, 0x00000000d5580000)
  object space 70144K, 19% used [0x0000000080000000,0x0000000080d333f8,0x0000000084480000)
 Metaspace       used 34190K, capacity 35326K, committed 35416K, reserved 1079296K
  class space    used 4619K, capacity 4918K, committed 4992K, reserved 1048576K
}
Event: 8.981 GC heap before
{Heap before GC invocations=11 (full 2):
 PSYoungGen      total 91648K, used 86528K [0x00000000d5580000, 0x00000000dc600000, 0x0000000100000000)
  eden space 86528K, 100% used [0x00000000d5580000,0x00000000daa00000,0x00000000daa00000)
  from space 5120K, 0% used [0x00000000dc100000,0x00000000dc100000,0x00000000dc600000)
  to   space 11776K, 0% used [0x00000000daf00000,0x00000000daf00000,0x00000000dba80000)
 ParOldGen       total 70144K, used 13516K [0x0000000080000000, 0x0000000084480000, 0x00000000d5580000)
  object space 70144K, 19% used [0x0000000080000000,0x0000000080d333f8,0x0000000084480000)
 Metaspace       used 39595K, capacity 41130K, committed 41176K, reserved 1085440K
  class space    used 5279K, capacity 5626K, committed 5632K, reserved 1048576K
Event: 8.991 GC heap after
Heap after GC invocations=11 (full 2):
 PSYoungGen      total 98304K, used 9545K [0x00000000d5580000, 0x00000000dc600000, 0x0000000100000000)
  eden space 86528K, 0% used [0x00000000d5580000,0x00000000d5580000,0x00000000daa00000)
  from space 11776K, 81% used [0x00000000daf00000,0x00000000db852738,0x00000000dba80000)
  to   space 5120K, 0% used [0x00000000dc100000,0x00000000dc100000,0x00000000dc600000)
 ParOldGen       total 70144K, used 13524K [0x0000000080000000, 0x0000000084480000, 0x00000000d5580000)
  object space 70144K, 19% used [0x0000000080000000,0x0000000080d353f8,0x0000000084480000)
 Metaspace       used 39595K, capacity 41130K, committed 41176K, reserved 1085440K
  class space    used 5279K, capacity 5626K, committed 5632K, reserved 1048576K
}

