# JRE version: OpenJDK Runtime Environment (8.0_242-b01) (build 1.8.0_242-release-1644-b01)
# Java VM: OpenJDK 64-Bit Server VM (25.242-b01 mixed mode windows-amd64 compressed oops)
Heap:
 PSYoungGen      total 416256K, used 404151K [0x00000000d5580000, 0x00000000f9e80000, 0x0000000100000000)
  eden space 302592K, 96% used [0x00000000d5580000,0x00000000e7132ea8,0x00000000e7d00000)
  from space 113664K, 99% used [0x00000000f0080000,0x00000000f6f7af00,0x00000000f6f80000)
  to   space 134656K, 0% used [0x00000000e7d00000,0x00000000e7d00000,0x00000000f0080000)
 ParOldGen       total 305664K, used 187759K [0x0000000080000000, 0x0000000092a80000, 0x00000000d5580000)
  object space 305664K, 61% used [0x0000000080000000,0x000000008b75bc10,0x0000000092a80000)
 Metaspace       used 112606K, capacity 119912K, committed 120216K, reserved 1153024K
  class space    used 14762K, capacity 16239K, committed 16304K, reserved 1048576K
GC Heap History (10 events):
Event: 624.702 GC heap before
{Heap before GC invocations=28 (full 4):
 PSYoungGen      total 354816K, used 317970K [0x00000000d5580000, 0x00000000f0b80000, 0x0000000100000000)
  eden space 279040K, 100% used [0x00000000d5580000,0x00000000e6600000,0x00000000e6600000)
  from space 75776K, 51% used [0x00000000e6600000,0x00000000e8c04850,0x00000000eb000000)
  to   space 73728K, 0% used [0x00000000ec380000,0x00000000ec380000,0x00000000f0b80000)
 ParOldGen       total 305664K, used 109431K [0x0000000080000000, 0x0000000092a80000, 0x00000000d5580000)
  object space 305664K, 35% used [0x0000000080000000,0x0000000086addd10,0x0000000092a80000)
 Metaspace       used 111747K, capacity 118740K, committed 118808K, reserved 1153024K
  class space    used 14722K, capacity 16167K, committed 16176K, reserved 1048576K
Event: 624.832 GC heap after
Heap after GC invocations=28 (full 4):
 PSYoungGen      total 349184K, used 73724K [0x00000000d5580000, 0x00000000f5300000, 0x0000000100000000)
  eden space 275456K, 0% used [0x00000000d5580000,0x00000000d5580000,0x00000000e6280000)
  from space 73728K, 99% used [0x00000000ec380000,0x00000000f0b7f000,0x00000000f0b80000)
  to   space 99328K, 0% used [0x00000000e6280000,0x00000000e6280000,0x00000000ec380000)
 ParOldGen       total 305664K, used 149198K [0x0000000080000000, 0x0000000092a80000, 0x00000000d5580000)
  object space 305664K, 48% used [0x0000000080000000,0x00000000891b39c0,0x0000000092a80000)
 Metaspace       used 111747K, capacity 118740K, committed 118808K, reserved 1153024K
  class space    used 14722K, capacity 16167K, committed 16176K, reserved 1048576K
}
Event: 806.771 GC heap before
{Heap before GC invocations=29 (full 4):
 PSYoungGen      total 349184K, used 349180K [0x00000000d5580000, 0x00000000f5300000, 0x0000000100000000)
  eden space 275456K, 100% used [0x00000000d5580000,0x00000000e6280000,0x00000000e6280000)
  from space 73728K, 99% used [0x00000000ec380000,0x00000000f0b7f000,0x00000000f0b80000)
  to   space 99328K, 0% used [0x00000000e6280000,0x00000000e6280000,0x00000000ec380000)
 ParOldGen       total 305664K, used 149198K [0x0000000080000000, 0x0000000092a80000, 0x00000000d5580000)
  object space 305664K, 48% used [0x0000000080000000,0x00000000891b39c0,0x0000000092a80000)
 Metaspace       used 111862K, capacity 118950K, committed 119064K, reserved 1153024K
  class space    used 14724K, capacity 16170K, committed 16176K, reserved 1048576K
Event: 806.839 GC heap after
Heap after GC invocations=29 (full 4):
 PSYoungGen      total 374784K, used 51398K [0x00000000d5580000, 0x00000000f3c80000, 0x0000000100000000)
  eden space 275456K, 0% used [0x00000000d5580000,0x00000000d5580000,0x00000000e6280000)
  from space 99328K, 51% used [0x00000000e6280000,0x00000000e94b1bb0,0x00000000ec380000)
  to   space 97792K, 0% used [0x00000000edd00000,0x00000000edd00000,0x00000000f3c80000)
 ParOldGen       total 305664K, used 161946K [0x0000000080000000, 0x0000000092a80000, 0x00000000d5580000)
  object space 305664K, 52% used [0x0000000080000000,0x0000000089e26920,0x0000000092a80000)
 Metaspace       used 111862K, capacity 118950K, committed 119064K, reserved 1153024K
  class space    used 14724K, capacity 16170K, committed 16176K, reserved 1048576K
}
Event: 807.752 GC heap before
{Heap before GC invocations=30 (full 4):
 PSYoungGen      total 374784K, used 326544K [0x00000000d5580000, 0x00000000f3c80000, 0x0000000100000000)
  eden space 275456K, 99% used [0x00000000d5580000,0x00000000e6232820,0x00000000e6280000)
  from space 99328K, 51% used [0x00000000e6280000,0x00000000e94b1bb0,0x00000000ec380000)
  to   space 97792K, 0% used [0x00000000edd00000,0x00000000edd00000,0x00000000f3c80000)
 ParOldGen       total 305664K, used 161946K [0x0000000080000000, 0x0000000092a80000, 0x00000000d5580000)
  object space 305664K, 52% used [0x0000000080000000,0x0000000089e26920,0x0000000092a80000)
 Metaspace       used 112136K, capacity 119228K, committed 119448K, reserved 1153024K
  class space    used 14731K, capacity 16183K, committed 16304K, reserved 1048576K
Event: 807.887 GC heap after
Heap after GC invocations=30 (full 4):
 PSYoungGen      total 380928K, used 97761K [0x00000000d5580000, 0x00000000f7480000, 0x0000000100000000)
  eden space 283136K, 0% used [0x00000000d5580000,0x00000000d5580000,0x00000000e6a00000)
  from space 97792K, 99% used [0x00000000edd00000,0x00000000f3c78550,0x00000000f3c80000)
  to   space 117760K, 0% used [0x00000000e6a00000,0x00000000e6a00000,0x00000000edd00000)
 ParOldGen       total 305664K, used 176461K [0x0000000080000000, 0x0000000092a80000, 0x00000000d5580000)
  object space 305664K, 57% used [0x0000000080000000,0x000000008ac53720,0x0000000092a80000)
 Metaspace       used 112136K, capacity 119228K, committed 119448K, reserved 1153024K
  class space    used 14731K, capacity 16183K, committed 16304K, reserved 1048576K
}
Event: 916.827 GC heap before
{Heap before GC invocations=31 (full 4):
 PSYoungGen      total 380928K, used 380897K [0x00000000d5580000, 0x00000000f7480000, 0x0000000100000000)
  eden space 283136K, 100% used [0x00000000d5580000,0x00000000e6a00000,0x00000000e6a00000)
  from space 97792K, 99% used [0x00000000edd00000,0x00000000f3c78550,0x00000000f3c80000)
  to   space 117760K, 0% used [0x00000000e6a00000,0x00000000e6a00000,0x00000000edd00000)
 ParOldGen       total 305664K, used 176461K [0x0000000080000000, 0x0000000092a80000, 0x00000000d5580000)
  object space 305664K, 57% used [0x0000000080000000,0x000000008ac53720,0x0000000092a80000)
 Metaspace       used 112303K, capacity 119518K, committed 119704K, reserved 1153024K
  class space    used 14745K, capacity 16208K, committed 16304K, reserved 1048576K
Event: 916.882 GC heap after
Heap after GC invocations=31 (full 4):
 PSYoungGen      total 400896K, used 56086K [0x00000000d5580000, 0x00000000f6f80000, 0x0000000100000000)
  eden space 283136K, 0% used [0x00000000d5580000,0x00000000d5580000,0x00000000e6a00000)
  from space 117760K, 47% used [0x00000000e6a00000,0x00000000ea0c5bd8,0x00000000edd00000)
  to   space 113664K, 0% used [0x00000000f0080000,0x00000000f0080000,0x00000000f6f80000)
 ParOldGen       total 305664K, used 177493K [0x0000000080000000, 0x0000000092a80000, 0x00000000d5580000)
  object space 305664K, 58% used [0x0000000080000000,0x000000008ad55468,0x0000000092a80000)
 Metaspace       used 112303K, capacity 119518K, committed 119704K, reserved 1153024K
  class space    used 14745K, capacity 16208K, committed 16304K, reserved 1048576K
}
Event: 917.812 GC heap before
{Heap before GC invocations=32 (full 4):
 PSYoungGen      total 400896K, used 339222K [0x00000000d5580000, 0x00000000f6f80000, 0x0000000100000000)
  eden space 283136K, 99% used [0x00000000d5580000,0x00000000e69fffd8,0x00000000e6a00000)
  from space 117760K, 47% used [0x00000000e6a00000,0x00000000ea0c5bd8,0x00000000edd00000)
  to   space 113664K, 0% used [0x00000000f0080000,0x00000000f0080000,0x00000000f6f80000)
 ParOldGen       total 305664K, used 177493K [0x0000000080000000, 0x0000000092a80000, 0x00000000d5580000)
  object space 305664K, 58% used [0x0000000080000000,0x000000008ad55468,0x0000000092a80000)
 Metaspace       used 112482K, capacity 119748K, committed 119960K, reserved 1153024K
  class space    used 14758K, capacity 16233K, committed 16304K, reserved 1048576K
Event: 917.895 GC heap after
Heap after GC invocations=32 (full 4):
 PSYoungGen      total 416256K, used 113643K [0x00000000d5580000, 0x00000000f9e80000, 0x0000000100000000)
  eden space 302592K, 0% used [0x00000000d5580000,0x00000000d5580000,0x00000000e7d00000)
  from space 113664K, 99% used [0x00000000f0080000,0x00000000f6f7af00,0x00000000f6f80000)
  to   space 134656K, 0% used [0x00000000e7d00000,0x00000000e7d00000,0x00000000f0080000)
 ParOldGen       total 305664K, used 187759K [0x0000000080000000, 0x0000000092a80000, 0x00000000d5580000)
  object space 305664K, 61% used [0x0000000080000000,0x000000008b75bc10,0x0000000092a80000)
 Metaspace       used 112482K, capacity 119748K, committed 119960K, reserved 1153024K
  class space    used 14758K, capacity 16233K, committed 16304K, reserved 1048576K
}

