# JRE version: OpenJDK Runtime Environment (8.0_242-b01) (build 1.8.0_242-release-1644-b01)
# Java VM: OpenJDK 64-Bit Server VM (25.242-b01 mixed mode windows-amd64 compressed oops)
Heap:
 PSYoungGen      total 334336K, used 33455K [0x00000000d5580000, 0x00000000eb880000, 0x0000000100000000)
  eden space 305152K, 9% used [0x00000000d5580000,0x00000000d71a3430,0x00000000e7f80000)
  from space 29184K, 15% used [0x00000000e7f80000,0x00000000e8408818,0x00000000e9c00000)
  to   space 22016K, 0% used [0x00000000ea300000,0x00000000ea300000,0x00000000eb880000)
 ParOldGen       total 163328K, used 99033K [0x0000000080000000, 0x0000000089f80000, 0x00000000d5580000)
  object space 163328K, 60% used [0x0000000080000000,0x00000000860b6558,0x0000000089f80000)
 Metaspace       used 104606K, capacity 110595K, committed 110760K, reserved 1144832K
  class space    used 13773K, capacity 14966K, committed 15016K, reserved 1048576K
GC Heap History (10 events):
Event: 164.573 GC heap before
{Heap before GC invocations=19 (full 3):
 PSYoungGen      total 298496K, used 148372K [0x00000000d5580000, 0x00000000ec100000, 0x0000000100000000)
  eden space 271360K, 45% used [0x00000000d5580000,0x00000000dce17e30,0x00000000e5e80000)
  from space 27136K, 91% used [0x00000000e5e80000,0x00000000e76cd200,0x00000000e7900000)
  to   space 30720K, 0% used [0x00000000ea300000,0x00000000ea300000,0x00000000ec100000)
 ParOldGen       total 163328K, used 57931K [0x0000000080000000, 0x0000000089f80000, 0x00000000d5580000)
  object space 163328K, 35% used [0x0000000080000000,0x0000000083892f60,0x0000000089f80000)
 Metaspace       used 93364K, capacity 98525K, committed 98600K, reserved 1134592K
  class space    used 12288K, capacity 13317K, committed 13352K, reserved 1048576K
Event: 164.592 GC heap after
Heap after GC invocations=19 (full 3):
 PSYoungGen      total 327168K, used 10866K [0x00000000d5580000, 0x00000000eb880000, 0x0000000100000000)
  eden space 305152K, 0% used [0x00000000d5580000,0x00000000d5580000,0x00000000e7f80000)
  from space 22016K, 49% used [0x00000000ea300000,0x00000000ead9c998,0x00000000eb880000)
  to   space 29184K, 0% used [0x00000000e7f80000,0x00000000e7f80000,0x00000000e9c00000)
 ParOldGen       total 163328K, used 57939K [0x0000000080000000, 0x0000000089f80000, 0x00000000d5580000)
  object space 163328K, 35% used [0x0000000080000000,0x0000000083894f60,0x0000000089f80000)
 Metaspace       used 93364K, capacity 98525K, committed 98600K, reserved 1134592K
  class space    used 12288K, capacity 13317K, committed 13352K, reserved 1048576K
}
Event: 164.592 GC heap before
{Heap before GC invocations=20 (full 4):
 PSYoungGen      total 327168K, used 10866K [0x00000000d5580000, 0x00000000eb880000, 0x0000000100000000)
  eden space 305152K, 0% used [0x00000000d5580000,0x00000000d5580000,0x00000000e7f80000)
  from space 22016K, 49% used [0x00000000ea300000,0x00000000ead9c998,0x00000000eb880000)
  to   space 29184K, 0% used [0x00000000e7f80000,0x00000000e7f80000,0x00000000e9c00000)
 ParOldGen       total 163328K, used 57939K [0x0000000080000000, 0x0000000089f80000, 0x00000000d5580000)
  object space 163328K, 35% used [0x0000000080000000,0x0000000083894f60,0x0000000089f80000)
 Metaspace       used 93364K, capacity 98525K, committed 98600K, reserved 1134592K
  class space    used 12288K, capacity 13317K, committed 13352K, reserved 1048576K
Event: 165.638 GC heap after
Heap after GC invocations=20 (full 4):
 PSYoungGen      total 327168K, used 0K [0x00000000d5580000, 0x00000000eb880000, 0x0000000100000000)
  eden space 305152K, 0% used [0x00000000d5580000,0x00000000d5580000,0x00000000e7f80000)
  from space 22016K, 0% used [0x00000000ea300000,0x00000000ea300000,0x00000000eb880000)
  to   space 29184K, 0% used [0x00000000e7f80000,0x00000000e7f80000,0x00000000e9c00000)
 ParOldGen       total 163328K, used 60919K [0x0000000080000000, 0x0000000089f80000, 0x00000000d5580000)
  object space 163328K, 37% used [0x0000000080000000,0x0000000083b7de60,0x0000000089f80000)
 Metaspace       used 93155K, capacity 97897K, committed 98600K, reserved 1134592K
  class space    used 12224K, capacity 13209K, committed 13352K, reserved 1048576K
}
Event: 171.703 GC heap before
{Heap before GC invocations=21 (full 4):
 PSYoungGen      total 327168K, used 305152K [0x00000000d5580000, 0x00000000eb880000, 0x0000000100000000)
  eden space 305152K, 100% used [0x00000000d5580000,0x00000000e7f80000,0x00000000e7f80000)
  from space 22016K, 0% used [0x00000000ea300000,0x00000000ea300000,0x00000000eb880000)
  to   space 29184K, 0% used [0x00000000e7f80000,0x00000000e7f80000,0x00000000e9c00000)
 ParOldGen       total 163328K, used 60919K [0x0000000080000000, 0x0000000089f80000, 0x00000000d5580000)
  object space 163328K, 37% used [0x0000000080000000,0x0000000083b7de60,0x0000000089f80000)
 Metaspace       used 97414K, capacity 102471K, committed 102696K, reserved 1138688K
  class space    used 12790K, capacity 13842K, committed 13864K, reserved 1048576K
Event: 171.742 GC heap after
Heap after GC invocations=21 (full 4):
 PSYoungGen      total 334336K, used 29163K [0x00000000d5580000, 0x00000000eb880000, 0x0000000100000000)
  eden space 305152K, 0% used [0x00000000d5580000,0x00000000d5580000,0x00000000e7f80000)
  from space 29184K, 99% used [0x00000000e7f80000,0x00000000e9bfae30,0x00000000e9c00000)
  to   space 22016K, 0% used [0x00000000ea300000,0x00000000ea300000,0x00000000eb880000)
 ParOldGen       total 163328K, used 61285K [0x0000000080000000, 0x0000000089f80000, 0x00000000d5580000)
  object space 163328K, 37% used [0x0000000080000000,0x0000000083bd9778,0x0000000089f80000)
 Metaspace       used 97414K, capacity 102471K, committed 102696K, reserved 1138688K
  class space    used 12790K, capacity 13842K, committed 13864K, reserved 1048576K
}
Event: 174.456 GC heap before
{Heap before GC invocations=22 (full 4):
 PSYoungGen      total 334336K, used 334315K [0x00000000d5580000, 0x00000000eb880000, 0x0000000100000000)
  eden space 305152K, 100% used [0x00000000d5580000,0x00000000e7f80000,0x00000000e7f80000)
  from space 29184K, 99% used [0x00000000e7f80000,0x00000000e9bfae30,0x00000000e9c00000)
  to   space 22016K, 0% used [0x00000000ea300000,0x00000000ea300000,0x00000000eb880000)
 ParOldGen       total 163328K, used 61285K [0x0000000080000000, 0x0000000089f80000, 0x00000000d5580000)
  object space 163328K, 37% used [0x0000000080000000,0x0000000083bd9778,0x0000000089f80000)
 Metaspace       used 103109K, capacity 108795K, committed 109096K, reserved 1142784K
  class space    used 13628K, capacity 14782K, committed 14888K, reserved 1048576K
Event: 174.525 GC heap after
Heap after GC invocations=22 (full 4):
 PSYoungGen      total 327168K, used 21994K [0x00000000d5580000, 0x00000000eb880000, 0x0000000100000000)
  eden space 305152K, 0% used [0x00000000d5580000,0x00000000d5580000,0x00000000e7f80000)
  from space 22016K, 99% used [0x00000000ea300000,0x00000000eb87ab38,0x00000000eb880000)
  to   space 29184K, 0% used [0x00000000e7f80000,0x00000000e7f80000,0x00000000e9c00000)
 ParOldGen       total 163328K, used 79944K [0x0000000080000000, 0x0000000089f80000, 0x00000000d5580000)
  object space 163328K, 48% used [0x0000000080000000,0x0000000084e123a0,0x0000000089f80000)
 Metaspace       used 103109K, capacity 108795K, committed 109096K, reserved 1142784K
  class space    used 13628K, capacity 14782K, committed 14888K, reserved 1048576K
}
Event: 176.286 GC heap before
{Heap before GC invocations=23 (full 4):
 PSYoungGen      total 327168K, used 327146K [0x00000000d5580000, 0x00000000eb880000, 0x0000000100000000)
  eden space 305152K, 100% used [0x00000000d5580000,0x00000000e7f80000,0x00000000e7f80000)
  from space 22016K, 99% used [0x00000000ea300000,0x00000000eb87ab38,0x00000000eb880000)
  to   space 29184K, 0% used [0x00000000e7f80000,0x00000000e7f80000,0x00000000e9c00000)
 ParOldGen       total 163328K, used 79944K [0x0000000080000000, 0x0000000089f80000, 0x00000000d5580000)
  object space 163328K, 48% used [0x0000000080000000,0x0000000084e123a0,0x0000000089f80000)
 Metaspace       used 104564K, capacity 110583K, committed 110760K, reserved 1144832K
  class space    used 13773K, capacity 14966K, committed 15016K, reserved 1048576K
Event: 176.329 GC heap after
Heap after GC invocations=23 (full 4):
 PSYoungGen      total 334336K, used 4642K [0x00000000d5580000, 0x00000000eb880000, 0x0000000100000000)
  eden space 305152K, 0% used [0x00000000d5580000,0x00000000d5580000,0x00000000e7f80000)
  from space 29184K, 15% used [0x00000000e7f80000,0x00000000e8408818,0x00000000e9c00000)
  to   space 22016K, 0% used [0x00000000ea300000,0x00000000ea300000,0x00000000eb880000)
 ParOldGen       total 163328K, used 99033K [0x0000000080000000, 0x0000000089f80000, 0x00000000d5580000)
  object space 163328K, 60% used [0x0000000080000000,0x00000000860b6558,0x0000000089f80000)
 Metaspace       used 104564K, capacity 110583K, committed 110760K, reserved 1144832K
  class space    used 13773K, capacity 14966K, committed 15016K, reserved 1048576K
}

