# JRE version: OpenJDK Runtime Environment (8.0_242-b01) (build 1.8.0_242-release-1644-b01)
# Java VM: OpenJDK 64-Bit Server VM (25.242-b01 mixed mode windows-amd64 compressed oops)
Heap:
 PSYoungGen      total 505344K, used 404154K [0x00000000d5580000, 0x0000000100000000, 0x0000000100000000)
  eden space 329216K, 85% used [0x00000000d5580000,0x00000000e67df2f8,0x00000000e9700000)
  from space 176128K, 69% used [0x00000000f4980000,0x00000000fc1cf6a0,0x00000000ff580000)
  to   space 182784K, 0% used [0x00000000e9700000,0x00000000e9700000,0x00000000f4980000)
 ParOldGen       total 335360K, used 244808K [0x0000000080000000, 0x0000000094780000, 0x00000000d5580000)
  object space 335360K, 72% used [0x0000000080000000,0x000000008ef121c8,0x0000000094780000)
 Metaspace       used 108814K, capacity 117705K, committed 117912K, reserved 1150976K
  class space    used 14154K, capacity 15702K, committed 15792K, reserved 1048576K
GC Heap History (10 events):
Event: 3333.843 GC heap before
{Heap before GC invocations=46 (full 4):
 PSYoungGen      total 519680K, used 454913K [0x00000000d5580000, 0x0000000100000000, 0x0000000100000000)
  eden space 346624K, 100% used [0x00000000d5580000,0x00000000ea800000,0x00000000ea800000)
  from space 173056K, 62% used [0x00000000ea800000,0x00000000f11c0448,0x00000000f5100000)
  to   space 176128K, 0% used [0x00000000f5400000,0x00000000f5400000,0x0000000100000000)
 ParOldGen       total 335360K, used 242561K [0x0000000080000000, 0x0000000094780000, 0x00000000d5580000)
  object space 335360K, 72% used [0x0000000080000000,0x000000008ece04f8,0x0000000094780000)
 Metaspace       used 108201K, capacity 116915K, committed 117016K, reserved 1150976K
  class space    used 14116K, capacity 15629K, committed 15664K, reserved 1048576K
Event: 3333.935 GC heap after
Heap after GC invocations=46 (full 4):
 PSYoungGen      total 516608K, used 53999K [0x00000000d5580000, 0x00000000ff700000, 0x0000000100000000)
  eden space 349696K, 0% used [0x00000000d5580000,0x00000000d5580000,0x00000000eab00000)
  from space 166912K, 32% used [0x00000000f5400000,0x00000000f88bbef0,0x00000000ff700000)
  to   space 169984K, 0% used [0x00000000eab00000,0x00000000eab00000,0x00000000f5100000)
 ParOldGen       total 335360K, used 242633K [0x0000000080000000, 0x0000000094780000, 0x00000000d5580000)
  object space 335360K, 72% used [0x0000000080000000,0x000000008ecf2508,0x0000000094780000)
 Metaspace       used 108201K, capacity 116915K, committed 117016K, reserved 1150976K
  class space    used 14116K, capacity 15629K, committed 15664K, reserved 1048576K
}
Event: 3336.163 GC heap before
{Heap before GC invocations=47 (full 4):
 PSYoungGen      total 516608K, used 403695K [0x00000000d5580000, 0x00000000ff700000, 0x0000000100000000)
  eden space 349696K, 100% used [0x00000000d5580000,0x00000000eab00000,0x00000000eab00000)
  from space 166912K, 32% used [0x00000000f5400000,0x00000000f88bbef0,0x00000000ff700000)
  to   space 169984K, 0% used [0x00000000eab00000,0x00000000eab00000,0x00000000f5100000)
 ParOldGen       total 335360K, used 242633K [0x0000000080000000, 0x0000000094780000, 0x00000000d5580000)
  object space 335360K, 72% used [0x0000000080000000,0x000000008ecf2508,0x0000000094780000)
 Metaspace       used 108334K, capacity 116997K, committed 117272K, reserved 1150976K
  class space    used 14118K, capacity 15632K, committed 15664K, reserved 1048576K
Event: 3336.263 GC heap after
Heap after GC invocations=47 (full 4):
 PSYoungGen      total 486912K, used 137089K [0x00000000d5580000, 0x0000000100000000, 0x0000000100000000)
  eden space 349696K, 0% used [0x00000000d5580000,0x00000000d5580000,0x00000000eab00000)
  from space 137216K, 99% used [0x00000000eab00000,0x00000000f30e07e0,0x00000000f3100000)
  to   space 183808K, 0% used [0x00000000f4c80000,0x00000000f4c80000,0x0000000100000000)
 ParOldGen       total 335360K, used 242889K [0x0000000080000000, 0x0000000094780000, 0x00000000d5580000)
  object space 335360K, 72% used [0x0000000080000000,0x000000008ed32508,0x0000000094780000)
 Metaspace       used 108334K, capacity 116997K, committed 117272K, reserved 1150976K
  class space    used 14118K, capacity 15632K, committed 15664K, reserved 1048576K
}
Event: 3856.472 GC heap before
{Heap before GC invocations=48 (full 4):
 PSYoungGen      total 486912K, used 486785K [0x00000000d5580000, 0x0000000100000000, 0x0000000100000000)
  eden space 349696K, 100% used [0x00000000d5580000,0x00000000eab00000,0x00000000eab00000)
  from space 137216K, 99% used [0x00000000eab00000,0x00000000f30e07e0,0x00000000f3100000)
  to   space 183808K, 0% used [0x00000000f4c80000,0x00000000f4c80000,0x0000000100000000)
 ParOldGen       total 335360K, used 242889K [0x0000000080000000, 0x0000000094780000, 0x00000000d5580000)
  object space 335360K, 72% used [0x0000000080000000,0x000000008ed32508,0x0000000094780000)
 Metaspace       used 108438K, capacity 117213K, committed 117272K, reserved 1150976K
  class space    used 14120K, capacity 15636K, committed 15664K, reserved 1048576K
Event: 3856.581 GC heap after
Heap after GC invocations=48 (full 4):
 PSYoungGen      total 519680K, used 96070K [0x00000000d5580000, 0x0000000100000000, 0x0000000100000000)
  eden space 335872K, 0% used [0x00000000d5580000,0x00000000d5580000,0x00000000e9d80000)
  from space 183808K, 52% used [0x00000000f4c80000,0x00000000faa51898,0x0000000100000000)
  to   space 179200K, 0% used [0x00000000e9d80000,0x00000000e9d80000,0x00000000f4c80000)
 ParOldGen       total 335360K, used 243009K [0x0000000080000000, 0x0000000094780000, 0x00000000d5580000)
  object space 335360K, 72% used [0x0000000080000000,0x000000008ed50518,0x0000000094780000)
 Metaspace       used 108438K, capacity 117213K, committed 117272K, reserved 1150976K
  class space    used 14120K, capacity 15636K, committed 15664K, reserved 1048576K
}
Event: 3919.500 GC heap before
{Heap before GC invocations=49 (full 4):
 PSYoungGen      total 519680K, used 431942K [0x00000000d5580000, 0x0000000100000000, 0x0000000100000000)
  eden space 335872K, 100% used [0x00000000d5580000,0x00000000e9d80000,0x00000000e9d80000)
  from space 183808K, 52% used [0x00000000f4c80000,0x00000000faa51898,0x0000000100000000)
  to   space 179200K, 0% used [0x00000000e9d80000,0x00000000e9d80000,0x00000000f4c80000)
 ParOldGen       total 335360K, used 243009K [0x0000000080000000, 0x0000000094780000, 0x00000000d5580000)
  object space 335360K, 72% used [0x0000000080000000,0x000000008ed50518,0x0000000094780000)
 Metaspace       used 108516K, capacity 117321K, committed 117528K, reserved 1150976K
  class space    used 14130K, capacity 15654K, committed 15664K, reserved 1048576K
Event: 3919.542 GC heap after
Heap after GC invocations=49 (full 4):
 PSYoungGen      total 379392K, used 43295K [0x00000000d5580000, 0x00000000ff580000, 0x0000000100000000)
  eden space 335872K, 0% used [0x00000000d5580000,0x00000000d5580000,0x00000000e9d80000)
  from space 43520K, 99% used [0x00000000e9d80000,0x00000000ec7c7eb0,0x00000000ec800000)
  to   space 176128K, 0% used [0x00000000f4980000,0x00000000f4980000,0x00000000ff580000)
 ParOldGen       total 335360K, used 243097K [0x0000000080000000, 0x0000000094780000, 0x00000000d5580000)
  object space 335360K, 72% used [0x0000000080000000,0x000000008ed66518,0x0000000094780000)
 Metaspace       used 108516K, capacity 117321K, committed 117528K, reserved 1150976K
  class space    used 14130K, capacity 15654K, committed 15664K, reserved 1048576K
}
Event: 3921.270 GC heap before
{Heap before GC invocations=50 (full 4):
 PSYoungGen      total 379392K, used 379167K [0x00000000d5580000, 0x00000000ff580000, 0x0000000100000000)
  eden space 335872K, 100% used [0x00000000d5580000,0x00000000e9d80000,0x00000000e9d80000)
  from space 43520K, 99% used [0x00000000e9d80000,0x00000000ec7c7eb0,0x00000000ec800000)
  to   space 176128K, 0% used [0x00000000f4980000,0x00000000f4980000,0x00000000ff580000)
 ParOldGen       total 335360K, used 243097K [0x0000000080000000, 0x0000000094780000, 0x00000000d5580000)
  object space 335360K, 72% used [0x0000000080000000,0x000000008ed66518,0x0000000094780000)
 Metaspace       used 108557K, capacity 117397K, committed 117528K, reserved 1150976K
  class space    used 14132K, capacity 15656K, committed 15664K, reserved 1048576K
Event: 3921.389 GC heap after
Heap after GC invocations=50 (full 4):
 PSYoungGen      total 505344K, used 123197K [0x00000000d5580000, 0x0000000100000000, 0x0000000100000000)
  eden space 329216K, 0% used [0x00000000d5580000,0x00000000d5580000,0x00000000e9700000)
  from space 176128K, 69% used [0x00000000f4980000,0x00000000fc1cf6a0,0x00000000ff580000)
  to   space 182784K, 0% used [0x00000000e9700000,0x00000000e9700000,0x00000000f4980000)
 ParOldGen       total 335360K, used 244808K [0x0000000080000000, 0x0000000094780000, 0x00000000d5580000)
  object space 335360K, 72% used [0x0000000080000000,0x000000008ef121c8,0x0000000094780000)
 Metaspace       used 108557K, capacity 117397K, committed 117528K, reserved 1150976K
  class space    used 14132K, capacity 15656K, committed 15664K, reserved 1048576K
}

