# JRE version: OpenJDK Runtime Environment (8.0_242-b01) (build 1.8.0_242-release-1644-b01)
# Java VM: OpenJDK 64-Bit Server VM (25.242-b01 mixed mode windows-amd64 compressed oops)
Heap:
 PSYoungGen      total 606720K, used 278616K [0x00000000d5580000, 0x0000000100000000, 0x0000000100000000)
  eden space 567808K, 49% used [0x00000000d5580000,0x00000000e65961d0,0x00000000f8000000)
  from space 38912K, 0% used [0x00000000fd880000,0x00000000fd880000,0x00000000ffe80000)
  to   space 65536K, 0% used [0x00000000f8000000,0x00000000f8000000,0x00000000fc000000)
 ParOldGen       total 339968K, used 70679K [0x0000000080000000, 0x0000000094c00000, 0x00000000d5580000)
  object space 339968K, 20% used [0x0000000080000000,0x0000000084505c40,0x0000000094c00000)
 Metaspace       used 90934K, capacity 95708K, committed 97304K, reserved 1132544K
  class space    used 12031K, capacity 12915K, committed 13360K, reserved 1048576K
GC Heap History (10 events):
Event: 51.209 GC heap before
{Heap before GC invocations=33 (full 3):
 PSYoungGen      total 653824K, used 633582K [0x00000000d5580000, 0x00000000ffd80000, 0x0000000100000000)
  eden space 610816K, 100% used [0x00000000d5580000,0x00000000faa00000,0x00000000faa00000)
  from space 43008K, 52% used [0x00000000faa00000,0x00000000fc03b8f0,0x00000000fd400000)
  to   space 40960K, 0% used [0x00000000fd580000,0x00000000fd580000,0x00000000ffd80000)
 ParOldGen       total 173056K, used 105229K [0x0000000080000000, 0x000000008a900000, 0x00000000d5580000)
  object space 173056K, 60% used [0x0000000080000000,0x00000000866c3428,0x000000008a900000)
 Metaspace       used 82645K, capacity 88014K, committed 88088K, reserved 1124352K
  class space    used 11289K, capacity 12313K, committed 12336K, reserved 1048576K
Event: 51.245 GC heap after
Heap after GC invocations=33 (full 3):
 PSYoungGen      total 654336K, used 17500K [0x00000000d5580000, 0x00000000ffc00000, 0x0000000100000000)
  eden space 614912K, 0% used [0x00000000d5580000,0x00000000d5580000,0x00000000fae00000)
  from space 39424K, 44% used [0x00000000fd580000,0x00000000fe697198,0x00000000ffc00000)
  to   space 39936K, 0% used [0x00000000fae00000,0x00000000fae00000,0x00000000fd500000)
 ParOldGen       total 173056K, used 105237K [0x0000000080000000, 0x000000008a900000, 0x00000000d5580000)
  object space 173056K, 60% used [0x0000000080000000,0x00000000866c5428,0x000000008a900000)
 Metaspace       used 82645K, capacity 88014K, committed 88088K, reserved 1124352K
  class space    used 11289K, capacity 12313K, committed 12336K, reserved 1048576K
}
Event: 53.420 GC heap before
{Heap before GC invocations=34 (full 3):
 PSYoungGen      total 654336K, used 632412K [0x00000000d5580000, 0x00000000ffc00000, 0x0000000100000000)
  eden space 614912K, 100% used [0x00000000d5580000,0x00000000fae00000,0x00000000fae00000)
  from space 39424K, 44% used [0x00000000fd580000,0x00000000fe697198,0x00000000ffc00000)
  to   space 39936K, 0% used [0x00000000fae00000,0x00000000fae00000,0x00000000fd500000)
 ParOldGen       total 173056K, used 105237K [0x0000000080000000, 0x000000008a900000, 0x00000000d5580000)
  object space 173056K, 60% used [0x0000000080000000,0x00000000866c5428,0x000000008a900000)
 Metaspace       used 82657K, capacity 88026K, committed 88088K, reserved 1124352K
  class space    used 11290K, capacity 12315K, committed 12336K, reserved 1048576K
Event: 53.450 GC heap after
Heap after GC invocations=34 (full 3):
 PSYoungGen      total 654848K, used 20861K [0x00000000d5580000, 0x00000000ffe80000, 0x0000000100000000)
  eden space 614912K, 0% used [0x00000000d5580000,0x00000000d5580000,0x00000000fae00000)
  from space 39936K, 52% used [0x00000000fae00000,0x00000000fc25f6c8,0x00000000fd500000)
  to   space 38912K, 0% used [0x00000000fd880000,0x00000000fd880000,0x00000000ffe80000)
 ParOldGen       total 173056K, used 105245K [0x0000000080000000, 0x000000008a900000, 0x00000000d5580000)
  object space 173056K, 60% used [0x0000000080000000,0x00000000866c7428,0x000000008a900000)
 Metaspace       used 82657K, capacity 88026K, committed 88088K, reserved 1124352K
  class space    used 11290K, capacity 12315K, committed 12336K, reserved 1048576K
}
Event: 58.400 GC heap before
{Heap before GC invocations=35 (full 3):
 PSYoungGen      total 654848K, used 635773K [0x00000000d5580000, 0x00000000ffe80000, 0x0000000100000000)
  eden space 614912K, 100% used [0x00000000d5580000,0x00000000fae00000,0x00000000fae00000)
  from space 39936K, 52% used [0x00000000fae00000,0x00000000fc25f6c8,0x00000000fd500000)
  to   space 38912K, 0% used [0x00000000fd880000,0x00000000fd880000,0x00000000ffe80000)
 ParOldGen       total 173056K, used 105245K [0x0000000080000000, 0x000000008a900000, 0x00000000d5580000)
  object space 173056K, 60% used [0x0000000080000000,0x00000000866c7428,0x000000008a900000)
 Metaspace       used 84067K, capacity 89580K, committed 89752K, reserved 1126400K
  class space    used 11426K, capacity 12452K, committed 12464K, reserved 1048576K
Event: 58.520 GC heap after
Heap after GC invocations=35 (full 3):
 PSYoungGen      total 606720K, used 38907K [0x00000000d5580000, 0x0000000100000000, 0x0000000100000000)
  eden space 567808K, 0% used [0x00000000d5580000,0x00000000d5580000,0x00000000f8000000)
  from space 38912K, 99% used [0x00000000fd880000,0x00000000ffe7ed58,0x00000000ffe80000)
  to   space 65536K, 0% used [0x00000000f8000000,0x00000000f8000000,0x00000000fc000000)
 ParOldGen       total 173056K, used 165279K [0x0000000080000000, 0x000000008a900000, 0x00000000d5580000)
  object space 173056K, 95% used [0x0000000080000000,0x000000008a167f20,0x000000008a900000)
 Metaspace       used 84067K, capacity 89580K, committed 89752K, reserved 1126400K
  class space    used 11426K, capacity 12452K, committed 12464K, reserved 1048576K
}
Event: 58.520 GC heap before
{Heap before GC invocations=36 (full 4):
 PSYoungGen      total 606720K, used 38907K [0x00000000d5580000, 0x0000000100000000, 0x0000000100000000)
  eden space 567808K, 0% used [0x00000000d5580000,0x00000000d5580000,0x00000000f8000000)
  from space 38912K, 99% used [0x00000000fd880000,0x00000000ffe7ed58,0x00000000ffe80000)
  to   space 65536K, 0% used [0x00000000f8000000,0x00000000f8000000,0x00000000fc000000)
 ParOldGen       total 173056K, used 165279K [0x0000000080000000, 0x000000008a900000, 0x00000000d5580000)
  object space 173056K, 95% used [0x0000000080000000,0x000000008a167f20,0x000000008a900000)
 Metaspace       used 84067K, capacity 89580K, committed 89752K, reserved 1126400K
  class space    used 11426K, capacity 12452K, committed 12464K, reserved 1048576K
Event: 59.370 GC heap after
Heap after GC invocations=36 (full 4):
 PSYoungGen      total 606720K, used 0K [0x00000000d5580000, 0x0000000100000000, 0x0000000100000000)
  eden space 567808K, 0% used [0x00000000d5580000,0x00000000d5580000,0x00000000f8000000)
  from space 38912K, 0% used [0x00000000fd880000,0x00000000fd880000,0x00000000ffe80000)
  to   space 65536K, 0% used [0x00000000f8000000,0x00000000f8000000,0x00000000fc000000)
 ParOldGen       total 173056K, used 144515K [0x0000000080000000, 0x000000008a900000, 0x00000000d5580000)
  object space 173056K, 83% used [0x0000000080000000,0x0000000088d20f60,0x000000008a900000)
 Metaspace       used 83328K, capacity 87866K, committed 89752K, reserved 1126400K
  class space    used 11165K, capacity 11985K, committed 12464K, reserved 1048576K
}
Event: 67.956 GC heap before
{Heap before GC invocations=37 (full 5):
 PSYoungGen      total 606720K, used 567808K [0x00000000d5580000, 0x0000000100000000, 0x0000000100000000)
  eden space 567808K, 100% used [0x00000000d5580000,0x00000000f8000000,0x00000000f8000000)
  from space 38912K, 0% used [0x00000000fd880000,0x00000000fd880000,0x00000000ffe80000)
  to   space 65536K, 0% used [0x00000000f8000000,0x00000000f8000000,0x00000000fc000000)
 ParOldGen       total 173056K, used 144515K [0x0000000080000000, 0x000000008a900000, 0x00000000d5580000)
  object space 173056K, 83% used [0x0000000080000000,0x0000000088d20f60,0x000000008a900000)
 Metaspace       used 90599K, capacity 95306K, committed 97048K, reserved 1132544K
  class space    used 11995K, capacity 12876K, committed 13360K, reserved 1048576K
Event: 68.220 GC heap after
Heap after GC invocations=37 (full 5):
 PSYoungGen      total 606720K, used 0K [0x00000000d5580000, 0x0000000100000000, 0x0000000100000000)
  eden space 567808K, 0% used [0x00000000d5580000,0x00000000d5580000,0x00000000f8000000)
  from space 38912K, 0% used [0x00000000fd880000,0x00000000fd880000,0x00000000ffe80000)
  to   space 65536K, 0% used [0x00000000f8000000,0x00000000f8000000,0x00000000fc000000)
 ParOldGen       total 339968K, used 70679K [0x0000000080000000, 0x0000000094c00000, 0x00000000d5580000)
  object space 339968K, 20% used [0x0000000080000000,0x0000000084505c40,0x0000000094c00000)
 Metaspace       used 90573K, capacity 95234K, committed 97048K, reserved 1132544K
  class space    used 11987K, capacity 12862K, committed 13360K, reserved 1048576K
}

